<?xml version="1.0" encoding="UTF-8"?>
<!-- Generated by org.testng.reporters.JUnitXMLReporter -->
<testsuite ignored="0" hostname="Sayeed-Laptop" failures="0" tests="3" name="Default test" time="0.13" errors="0" timestamp="2023-06-17T13:11:37 EDT">
  <testcase classname="ReportTestng.testngReport" name="reportTest1" time="0.02"/>
  <testcase classname="ReportTestng.testngReport" name="reportTest2" time="0.004"/>
  <testcase classname="ReportTestng.testngReport" name="reportTest3" time="0.008"/>
</testsuite> <!-- Default test -->
