<?xml version="1.0" encoding="UTF-8"?>
<!-- Generated by org.testng.reporters.JUnitXMLReporter -->
<testsuite ignored="0" hostname="Sayeed-Laptop" failures="1" tests="3" name="Report Testing" time="0.151" errors="0" timestamp="2023-06-17T14:48:18 EDT">
  <testcase classname="ReportTestng.testngReport" name="reportTest1" time="0.019"/>
  <testcase classname="ReportTestng.testngReport" name="reportTest2" time="0.002"/>
  <testcase classname="ReportTestng.testngReport" name="reportTest3" time="0.026">
    <failure type="java.lang.AssertionError" message="expected [true] but found [false]">
      <![CDATA[java.lang.AssertionError: expected [true] but found [false]
at ReportTestng.testngReport.reportTest3(testngReport.java:21)
at java.base/java.util.ArrayList.forEach(ArrayList.java:1511)
... Removed 31 stack frames]]>
    </failure>
  </testcase> <!-- reportTest3 -->
</testsuite> <!-- Report Testing -->
