<?xml version="1.0" encoding="UTF-8"?>
<!-- Generated by org.testng.reporters.JUnitXMLReporter -->
<testsuite ignored="0" hostname="Sayeed-Laptop" failures="1" tests="2" name="Test" time="0.119" errors="0" timestamp="2023-06-16T21:38:40 EDT">
  <testcase classname="TestListener.TestNGListener" name="testValue" time="0.023"/>
  <testcase classname="TestListener.TestNGListener" name="testValue1" time="0.021">
    <failure type="java.lang.AssertionError" message="expected [200] but found [100]">
      <![CDATA[java.lang.AssertionError: expected [200] but found [100]
at TestListener.TestNGListener.testValue1(TestNGListener.java:15)
at java.base/java.util.ArrayList.forEach(ArrayList.java:1511)
... Removed 34 stack frames]]>
    </failure>
  </testcase> <!-- testValue1 -->
</testsuite> <!-- Test -->
